[38;5;112m[Appium][0m Welcome to Appium v2.11.5
[38;5;112m[Appium][0m Non-default server args:
[38;5;112m[Appium][0m { basePath: [32m'/wd/hub'[39m, loglevel: [32m'info'[39m, port: [33m51875[39m }
[38;5;112m[Appium][0m Attempting to load driver uiautomator2...
[38;5;112m[Appium][0m Appium REST http interface listener started on http://0.0.0.0:51875/wd/hub
[38;5;112m[Appium][0m You can provide the following URLs in your client code to connect to this server:
	http://127.0.0.1:51875/wd/hub (only accessible from the same host)
	http://192.168.1.24:51875/wd/hub
[38;5;112m[Appium][0m Available drivers:
[38;5;112m[Appium][0m   - uiautomator2@3.8.0 (automationName 'UiAutomator2')
[38;5;112m[Appium][0m No plugins have been installed. Use the "appium plugin" command to install the one(s) you want to use.
[38;5;86m[HTTP][0m [37m-->[39m [37mGET[39m [37m/wd/hub/status[39m {}
[38;5;86m[HTTP][0m <-- GET /wd/hub/status 200 14 ms - 111 
[38;5;86m[HTTP][0m [37m-->[39m [37mGET[39m [37m/wd/hub/status[39m {}
[38;5;86m[HTTP][0m <-- GET /wd/hub/status 200 1 ms - 111 
[38;5;86m[HTTP][0m [37m-->[39m [37mPOST[39m [37m/wd/hub/session[39m {"desiredCapabilities":{"appium:systemPort":51904,"appium:newCommandTimeout":1800,"appium:automationName":"uiautomator2","appium:fullReset":false,"appium:platformVersion":"8.0.0","appium:noReset":true,"appium:udid":"emulator-5554","appium:autoGrantPermissions":true,"appium:platformName":"ANDROID","appium:deviceName":"emulator-5554 (Android SDK built for x86 - Android 8.0.0)","platformName":"Android","appium:app":"/Users/apin/Desktop/Automate/Katalon Studio/EduApp/mobileapp/Calculator_v8.1 .apk"},"capabilities":{"firstMatch":[{"appium:app":"/Users/apin/Desktop/Automate/Katalon Studio/EduApp/mobileapp/Calculator_v8.1 .apk","appium:autoGrantPermissions":true,"appium:automationName":"uiautomator2","appium:deviceName":"emulator-5554 (Android SDK built for x86 - Android 8.0.0)","appium:fullReset":false,"appium:newCommandTimeout":1800,"appium:noReset":true,"appium:platformName":"ANDROID","appium:platformVersion":"8.0.0","appium:systemPort":51904,"appium:udid":"emulator-5554","platformName":"android"}]}}
[38;5;123m[BaseDriver][0m Ignoring capability 'appium:platformName=ANDROID' and using capability 'platformName=android'
[38;5;123m[BaseDriver][0m The capabilities ["platformName"] are standard capabilities and do not require "appium:" prefix
[38;5;112m[Appium][0m Attempting to find matching driver for automationName 'uiautomator2' and platformName 'android'
[38;5;112m[Appium][0m The 'uiautomator2' driver was installed and matched caps.
[38;5;112m[Appium][0m Will require it at /Users/apin/.appium/node_modules/appium-uiautomator2-driver
[38;5;184m[AppiumDriver@c7d8][0m Appium v2.11.5 creating new AndroidUiautomator2Driver (v3.8.0) session
[38;5;184m[AppiumDriver@c7d8][0m Checking BaseDriver versions for Appium and AndroidUiautomator2Driver
[38;5;184m[AppiumDriver@c7d8][0m Appium's BaseDriver version is 9.11.5
[38;5;184m[AppiumDriver@c7d8][0m AndroidUiautomator2Driver's BaseDriver version is 9.11.5
[38;5;26m[50a56144][0m[38;5;-170m[AndroidUiautomator2Driver@3fa1][0m Session created with session id: 50a56144-7739-401e-8c1f-cfe894b65f18
[38;5;26m[50a56144][0m[38;5;229m[ADB][0m Found 1 'build-tools' folders under '/Users/apin/.katalon/tools/android_sdk' (newest first):
[38;5;26m[50a56144][0m[38;5;229m[ADB][0m     /Users/apin/.katalon/tools/android_sdk/build-tools/29.0.3
[38;5;26m[50a56144][0m[38;5;229m[ADB][0m Using 'adb' from '/Users/apin/.katalon/tools/android_sdk/platform-tools/adb'
[38;5;26m[50a56144][0m[38;5;-170m[AndroidUiautomator2Driver@3fa1][0m Retrieving device list
[38;5;26m[50a56144][0m[38;5;-170m[AndroidUiautomator2Driver@3fa1][0m Using device: emulator-5554
[38;5;26m[50a56144][0m[38;5;229m[ADB][0m Using 'adb' from '/Users/apin/.katalon/tools/android_sdk/platform-tools/adb'
[38;5;26m[50a56144][0m[38;5;123m[BaseDriver][0m Using local app '/Users/apin/Desktop/Automate/Katalon Studio/EduApp/mobileapp/Calculator_v8.1 .apk'
[38;5;26m[50a56144][0m[38;5;229m[ADB][0m Using 'aapt2' from '/Users/apin/.katalon/tools/android_sdk/build-tools/29.0.3/aapt2'
[38;5;26m[50a56144][0m[38;5;229m[ADB][0m Package name: 'com.google.android.calculator'
[38;5;26m[50a56144][0m[38;5;229m[ADB][0m Main activity name: 'com.android.calculator2.Calculator'
[38;5;26m[50a56144][0m[38;5;229m[ADB][0m Using 'apksigner.jar' from '/Users/apin/.katalon/tools/android_sdk/build-tools/29.0.3/lib/apksigner.jar'
[38;5;26m[50a56144][0m[38;5;-170m[AndroidUiautomator2Driver@3fa1][0m Server packages are not going to be (re)installed
[38;5;26m[50a56144][0m[38;5;229m[ADB][0m Adding packages ["io.appium.settings","io.appium.uiautomator2.server","io.appium.uiautomator2.server.test"] to Doze whitelist
[38;5;26m[50a56144][0m[38;5;229m[ADB][0m '/Users/apin/Desktop/Automate/Katalon Studio/EduApp/mobileapp/Calculator_v8.1 .apk' is signed with a non-default certificate
[38;5;26m[50a56144][0m[38;5;229m[ADB][0m The application at '/Users/apin/Desktop/Automate/Katalon Studio/EduApp/mobileapp/Calculator_v8.1 .apk' will not be cached, because the device under test has confirmed the support of streamed installs
[38;5;26m[50a56144][0m[38;5;229m[ADB][0m The installation of 'Calculator_v8.1 .apk' took 2398ms
[38;5;26m[50a56144][0m[38;5;-170m[AndroidUiautomator2Driver@3fa1][0m Starting UIAutomator2 server 7.0.25
[38;5;26m[50a56144][0m[38;5;-170m[AndroidUiautomator2Driver@3fa1][0m Using UIAutomator2 server from '/Users/apin/.appium/node_modules/appium-uiautomator2-driver/node_modules/appium-uiautomator2-server/apks/appium-uiautomator2-server-v7.0.25.apk' and test from '/Users/apin/.appium/node_modules/appium-uiautomator2-driver/node_modules/appium-uiautomator2-server/apks/appium-uiautomator2-server-debug-androidTest.apk'
[38;5;26m[50a56144][0m[38;5;-170m[AndroidUiautomator2Driver@3fa1][0m Waiting up to 30000ms for UiAutomator2 to be online...
[38;5;26m[50a56144][0m[38;5;-170m[AndroidUiautomator2Driver@3fa1][0m socket hang up
[38;5;26m[50a56144][0m[38;5;-170m[AndroidUiautomator2Driver@3fa1][0m socket hang up
[38;5;26m[50a56144][0m[38;5;-170m[AndroidUiautomator2Driver@3fa1][0m socket hang up
[38;5;26m[50a56144][0m[38;5;-170m[AndroidUiautomator2Driver@3fa1][0m Determined the downstream protocol as 'W3C'
[38;5;26m[50a56144][0m[38;5;-170m[AndroidUiautomator2Driver@3fa1][0m Screen already unlocked, doing nothing
[38;5;26m[50a56144][0m[38;5;-170m[AndroidUiautomator2Driver@3fa1][0m Starting 'com.google.android.calculator/com.android.calculator2.Calculator and waiting for 'com.google.android.calculator/com.android.calculator2.Calculator'
[38;5;26m[50a56144][0m[38;5;184m[AppiumDriver@c7d8][0m New AndroidUiautomator2Driver session created successfully, session 50a56144-7739-401e-8c1f-cfe894b65f18 added to master session list
[38;5;26m[50a56144][0m[38;5;86m[HTTP][0m <-- POST /wd/hub/session 200 12181 ms - 1314 
[38;5;26m[50a56144][0m[38;5;86m[HTTP][0m [37m-->[39m [37mGET[39m [37m/wd/hub/session/50a56144-7739-401e-8c1f-cfe894b65f18[39m {}
[38;5;26m[50a56144][0m[38;5;86m[HTTP][0m <-- GET /wd/hub/session/50a56144-7739-401e-8c1f-cfe894b65f18 200 54 ms - 407 
[38;5;26m[50a56144][0m[38;5;86m[HTTP][0m [37m-->[39m [37mGET[39m [37m/wd/hub/session/50a56144-7739-401e-8c1f-cfe894b65f18[39m {}
[38;5;26m[50a56144][0m[38;5;86m[HTTP][0m <-- GET /wd/hub/session/50a56144-7739-401e-8c1f-cfe894b65f18 200 164 ms - 407 
[38;5;86m[HTTP][0m [37m-->[39m [37mGET[39m [37m/wd/hub/status[39m {}
[38;5;86m[HTTP][0m <-- GET /wd/hub/status 200 2 ms - 111 
[38;5;26m[50a56144][0m[38;5;86m[HTTP][0m [37m-->[39m [37mPOST[39m [37m/wd/hub/session/50a56144-7739-401e-8c1f-cfe894b65f18/timeouts[39m {"implicit":60000}
[38;5;26m[50a56144][0m[38;5;86m[HTTP][0m <-- POST /wd/hub/session/50a56144-7739-401e-8c1f-cfe894b65f18/timeouts 200 9 ms - 14 
[38;5;26m[50a56144][0m[38;5;86m[HTTP][0m [37m-->[39m [37mGET[39m [37m/wd/hub/session/50a56144-7739-401e-8c1f-cfe894b65f18/source[39m {}
[38;5;26m[50a56144][0m[38;5;-170m[AndroidUiautomator2Driver@3fa1][0m Driver proxy active, passing request on via HTTP proxy
[38;5;26m[50a56144][0m[38;5;-170m[AndroidUiautomator2Driver@3fa1][0m Replacing sessionId 85c532b9-0c21-4f3d-81b6-1178b2779e4c with 50a56144-7739-401e-8c1f-cfe894b65f18
[38;5;26m[50a56144][0m[38;5;86m[HTTP][0m <-- GET /wd/hub/session/50a56144-7739-401e-8c1f-cfe894b65f18/source 200 1219 ms - 19679 
[38;5;26m[50a56144][0m[38;5;86m[HTTP][0m [37m-->[39m [37mGET[39m [37m/wd/hub/session/50a56144-7739-401e-8c1f-cfe894b65f18/screenshot[39m {}
[38;5;26m[50a56144][0m[38;5;86m[HTTP][0m <-- GET /wd/hub/session/50a56144-7739-401e-8c1f-cfe894b65f18/screenshot 200 971 ms - 124800 
[38;5;26m[50a56144][0m[38;5;86m[HTTP][0m [37m-->[39m [37mGET[39m [37m/wd/hub/session/50a56144-7739-401e-8c1f-cfe894b65f18/source[39m {}
[38;5;26m[50a56144][0m[38;5;-170m[AndroidUiautomator2Driver@3fa1][0m Driver proxy active, passing request on via HTTP proxy
[38;5;26m[50a56144][0m[38;5;-170m[AndroidUiautomator2Driver@3fa1][0m Replacing sessionId 85c532b9-0c21-4f3d-81b6-1178b2779e4c with 50a56144-7739-401e-8c1f-cfe894b65f18
[38;5;26m[50a56144][0m[38;5;86m[HTTP][0m <-- GET /wd/hub/session/50a56144-7739-401e-8c1f-cfe894b65f18/source 200 283 ms - 19652 
[38;5;26m[50a56144][0m[38;5;86m[HTTP][0m [37m-->[39m [37mGET[39m [37m/wd/hub/session/50a56144-7739-401e-8c1f-cfe894b65f18/screenshot[39m {}
[38;5;26m[50a56144][0m[38;5;86m[HTTP][0m <-- GET /wd/hub/session/50a56144-7739-401e-8c1f-cfe894b65f18/screenshot 200 511 ms - 123824 
[38;5;26m[50a56144][0m[38;5;86m[HTTP][0m [37m-->[39m [37mGET[39m [37m/wd/hub/session/50a56144-7739-401e-8c1f-cfe894b65f18/source[39m {}
[38;5;26m[50a56144][0m[38;5;-170m[AndroidUiautomator2Driver@3fa1][0m Driver proxy active, passing request on via HTTP proxy
[38;5;26m[50a56144][0m[38;5;-170m[AndroidUiautomator2Driver@3fa1][0m Replacing sessionId 85c532b9-0c21-4f3d-81b6-1178b2779e4c with 50a56144-7739-401e-8c1f-cfe894b65f18
[38;5;26m[50a56144][0m[38;5;86m[HTTP][0m <-- GET /wd/hub/session/50a56144-7739-401e-8c1f-cfe894b65f18/source 200 290 ms - 19653 
[38;5;26m[50a56144][0m[38;5;86m[HTTP][0m [37m-->[39m [37mGET[39m [37m/wd/hub/session/50a56144-7739-401e-8c1f-cfe894b65f18/screenshot[39m {}
[38;5;26m[50a56144][0m[38;5;86m[HTTP][0m <-- GET /wd/hub/session/50a56144-7739-401e-8c1f-cfe894b65f18/screenshot 200 554 ms - 123836 
[38;5;26m[50a56144][0m[38;5;86m[HTTP][0m [37m-->[39m [37mGET[39m [37m/wd/hub/session/50a56144-7739-401e-8c1f-cfe894b65f18/source[39m {}
[38;5;26m[50a56144][0m[38;5;-170m[AndroidUiautomator2Driver@3fa1][0m Driver proxy active, passing request on via HTTP proxy
[38;5;26m[50a56144][0m[38;5;-170m[AndroidUiautomator2Driver@3fa1][0m Replacing sessionId 85c532b9-0c21-4f3d-81b6-1178b2779e4c with 50a56144-7739-401e-8c1f-cfe894b65f18
[38;5;26m[50a56144][0m[38;5;86m[HTTP][0m <-- GET /wd/hub/session/50a56144-7739-401e-8c1f-cfe894b65f18/source 200 212 ms - 19628 
[38;5;26m[50a56144][0m[38;5;86m[HTTP][0m [37m-->[39m [37mGET[39m [37m/wd/hub/session/50a56144-7739-401e-8c1f-cfe894b65f18/screenshot[39m {}
[38;5;26m[50a56144][0m[38;5;86m[HTTP][0m <-- GET /wd/hub/session/50a56144-7739-401e-8c1f-cfe894b65f18/screenshot 200 384 ms - 130304 
[38;5;26m[50a56144][0m[38;5;86m[HTTP][0m [37m-->[39m [37mGET[39m [37m/wd/hub/session/50a56144-7739-401e-8c1f-cfe894b65f18/source[39m {}
[38;5;26m[50a56144][0m[38;5;-170m[AndroidUiautomator2Driver@3fa1][0m Driver proxy active, passing request on via HTTP proxy
[38;5;26m[50a56144][0m[38;5;-170m[AndroidUiautomator2Driver@3fa1][0m Replacing sessionId 85c532b9-0c21-4f3d-81b6-1178b2779e4c with 50a56144-7739-401e-8c1f-cfe894b65f18
[38;5;26m[50a56144][0m[38;5;86m[HTTP][0m <-- GET /wd/hub/session/50a56144-7739-401e-8c1f-cfe894b65f18/source 200 190 ms - 18586 
[38;5;26m[50a56144][0m[38;5;86m[HTTP][0m [37m-->[39m [37mGET[39m [37m/wd/hub/session/50a56144-7739-401e-8c1f-cfe894b65f18/screenshot[39m {}
[38;5;26m[50a56144][0m[38;5;86m[HTTP][0m <-- GET /wd/hub/session/50a56144-7739-401e-8c1f-cfe894b65f18/screenshot 200 514 ms - 124076 
[38;5;26m[50a56144][0m[38;5;86m[HTTP][0m [37m-->[39m [37mDELETE[39m [37m/wd/hub/session/50a56144-7739-401e-8c1f-cfe894b65f18[39m {}
[38;5;26m[50a56144][0m[38;5;184m[AppiumDriver@c7d8][0m Removing session 50a56144-7739-401e-8c1f-cfe894b65f18 from our master session list
[38;5;26m[50a56144][0m[38;5;86m[HTTP][0m <-- DELETE /wd/hub/session/50a56144-7739-401e-8c1f-cfe894b65f18 200 227 ms - 14 
[38;5;112m[Appium][0m Received SIGTERM - shutting down
[38;5;86m[HTTP][0m Closing Appium HTTP server
